<?xml version="1.0" encoding="UTF-8"?>
<!-- Generated by org.testng.reporters.JUnitReportReporter -->
<testsuite hostname="LAPTOP-OJF22CP7" failures="0" tests="4" name="com.cjc.DB.test.DemoblazeTest" time="49.008" errors="0" timestamp="2023-01-19T21:59:58 IST" skipped="0">
  <testcase classname="com.cjc.DB.test.DemoblazeTest" name="Registercheck" time="4.531"/>
  <system-out/>
  <testcase classname="com.cjc.DB.test.DemoblazeTest" name="Logintest" time="3.118"/>
  <system-out/>
  <testcase classname="com.cjc.DB.test.DemoblazeTest" name="addtocart" time="14.125"/>
  <system-out/>
  <testcase classname="com.cjc.DB.test.DemoblazeTest" name="ordplace" time="27.234"/>
  <system-out/>
</testsuite> <!-- com.cjc.DB.test.DemoblazeTest -->
